
04/11/2021 10:37:50 [INFO /main]: Logutil(10): Testing the Invalid Login Scenerio
04/11/2021 10:37:52 [INFO /main]: Logutil(10): Currently in Home page
04/11/2021 10:37:52 [INFO /main]: Logutil(13): Sign in Page title is not matching
04/11/2021 10:37:52 [INFO /main]: Logutil(10): Currently in Sign In page
04/11/2021 10:37:56 [INFO /main]: Logutil(10): Invalid Login error is not displayed
04/11/2021 10:38:03 [INFO /main]: Logutil(10): Testing the Invalid Login Scenerio
04/11/2021 10:38:05 [INFO /main]: Logutil(10): Currently in Home page
04/11/2021 10:38:05 [INFO /main]: Logutil(13): Sign in Page title is not matching
04/11/2021 10:38:05 [INFO /main]: Logutil(10): Currently in Sign In page
04/11/2021 10:38:08 [INFO /main]: Logutil(10): Invalid Login error is not displayed
04/11/2021 10:38:15 [INFO /main]: Logutil(10): Testing the Invalid Login Scenerio
04/11/2021 10:38:16 [INFO /main]: Logutil(10): Currently in Home page
04/11/2021 10:38:16 [INFO /main]: Logutil(13): Sign in Page title is not matching
04/11/2021 10:38:16 [INFO /main]: Logutil(10): Currently in Sign In page
04/11/2021 10:38:19 [INFO /main]: Logutil(10): Invalid Login error is not displayed
04/11/2021 10:38:31 [INFO /main]: Logutil(10): Testing the Invalid Login Scenerio
04/11/2021 10:38:51 [INFO /main]: Logutil(10): Currently in Home page
04/11/2021 10:38:51 [INFO /main]: Logutil(13): Sign in Page title is not matching
04/11/2021 10:38:51 [INFO /main]: Logutil(10): Currently in Sign In page
04/11/2021 10:39:14 [INFO /main]: Logutil(10): Invalid Login error is not displayed
04/11/2021 10:39:26 [INFO /main]: Logutil(10): Testing the Invalid Login Scenerio
04/11/2021 10:39:43 [INFO /main]: Logutil(10): Currently in Home page
04/11/2021 10:39:44 [INFO /main]: Logutil(13): Sign in Page title is not matching
04/11/2021 10:39:44 [INFO /main]: Logutil(10): Currently in Sign In page
04/11/2021 10:40:03 [INFO /main]: Logutil(10): Invalid Login error is not displayed
04/11/2021 10:40:15 [INFO /main]: Logutil(10): Testing the Invalid Login Scenerio
04/11/2021 10:40:36 [INFO /main]: Logutil(10): Currently in Home page
04/11/2021 10:40:36 [INFO /main]: Logutil(13): Sign in Page title is not matching
04/11/2021 10:40:36 [INFO /main]: Logutil(10): Currently in Sign In page
04/11/2021 10:40:54 [INFO /main]: Logutil(10): Invalid Login error is not displayed
04/11/2021 10:44:30 [INFO /TestNG-tests-1]: Logutil(10): Testing the Invalid Login Scenerio
04/11/2021 10:44:31 [INFO /TestNG-tests-1]: Logutil(10): Currently in Home page
04/11/2021 10:44:31 [INFO /TestNG-tests-1]: Logutil(13): Sign in Page title is not matching
04/11/2021 10:44:31 [INFO /TestNG-tests-1]: Logutil(10): Currently in Sign In page
04/11/2021 10:44:34 [INFO /TestNG-tests-1]: Logutil(10): Invalid Login error is not displayed
04/11/2021 10:44:37 [INFO /TestNG-tests-2]: Logutil(10): Testing the Invalid Login Scenerio
04/11/2021 10:44:41 [INFO /TestNG-tests-1]: Logutil(10): Testing the Invalid Login Scenerio
04/11/2021 10:44:43 [INFO /TestNG-tests-1]: Logutil(10): Currently in Home page
04/11/2021 10:44:43 [INFO /TestNG-tests-1]: Logutil(13): Sign in Page title is not matching
04/11/2021 10:44:43 [INFO /TestNG-tests-1]: Logutil(10): Currently in Sign In page
04/11/2021 10:44:46 [INFO /TestNG-tests-1]: Logutil(10): Invalid Login error is not displayed
04/11/2021 10:44:53 [INFO /TestNG-tests-1]: Logutil(10): Testing the Invalid Login Scenerio
04/11/2021 10:44:54 [INFO /TestNG-tests-2]: Logutil(10): Currently in Home page
04/11/2021 10:44:54 [INFO /TestNG-tests-1]: Logutil(10): Currently in Home page
04/11/2021 10:44:54 [INFO /TestNG-tests-2]: Logutil(13): Sign in Page title is not matching
04/11/2021 10:44:54 [INFO /TestNG-tests-2]: Logutil(10): Currently in Sign In page
04/11/2021 10:44:54 [INFO /TestNG-tests-1]: Logutil(13): Sign in Page title is not matching
04/11/2021 10:44:54 [INFO /TestNG-tests-1]: Logutil(10): Currently in Sign In page
04/11/2021 10:44:59 [INFO /TestNG-tests-1]: Logutil(10): Invalid Login error is not displayed
04/11/2021 10:45:14 [INFO /TestNG-tests-2]: Logutil(10): Invalid Login error is not displayed
04/11/2021 10:45:25 [INFO /TestNG-tests-2]: Logutil(10): Testing the Invalid Login Scenerio
04/11/2021 10:45:43 [INFO /TestNG-tests-2]: Logutil(10): Currently in Home page
04/11/2021 10:45:43 [INFO /TestNG-tests-2]: Logutil(13): Sign in Page title is not matching
04/11/2021 10:45:43 [INFO /TestNG-tests-2]: Logutil(10): Currently in Sign In page
04/11/2021 10:46:02 [INFO /TestNG-tests-2]: Logutil(10): Invalid Login error is not displayed
04/11/2021 10:46:12 [INFO /TestNG-tests-2]: Logutil(10): Testing the Invalid Login Scenerio
04/11/2021 10:46:31 [INFO /TestNG-tests-2]: Logutil(10): Currently in Home page
04/11/2021 10:46:31 [INFO /TestNG-tests-2]: Logutil(13): Sign in Page title is not matching
04/11/2021 10:46:31 [INFO /TestNG-tests-2]: Logutil(10): Currently in Sign In page
04/11/2021 10:46:51 [INFO /TestNG-tests-2]: Logutil(10): Invalid Login error is not displayed
